2024-11-19 17:04:18,814 - __main__ - INFO - Telegram Bot Service started successfully
2024-11-19 17:10:07,540 - __main__ - INFO - Telegram Bot Service is shutting down
2024-11-19 17:10:07,541 - __main__ - INFO - Services shutdown complete
2024-11-19 17:10:17,336 - __main__ - INFO - Telegram Bot Service started successfully
2024-11-19 17:18:50,751 - __main__ - INFO - Telegram Bot Service is shutting down
2024-11-19 17:18:50,753 - __main__ - INFO - Services shutdown complete
2024-11-19 17:25:42,589 - __main__ - INFO - Telegram Bot Token: 77209...
2024-11-19 17:25:42,629 - __main__ - ERROR - CRITICAL: Telegram Bot startup failed: Passing `parse_mode`, `disable_web_page_preview` or `protect_content` to Bot initializer is not supported anymore. These arguments have been removed in 3.7.0 version. Use `default=DefaultBotProperties(parse_mode=<ParseMode.HTML: 'HTML'>)` argument instead.
Traceback (most recent call last):
  File "/Users/am/Projects/TTT/git/AI-SmartTranslate-Hub/telegram_bot_service/main.py", line 111, in run_telegram_bot
    bot = Bot(token=settings.TELEGRAM_BOT_TOKEN, parse_mode=ParseMode.HTML)
  File "/Users/am/anaconda3/lib/python3.10/site-packages/aiogram/client/bot.py", line 310, in __init__
    raise TypeError(
TypeError: Passing `parse_mode`, `disable_web_page_preview` or `protect_content` to Bot initializer is not supported anymore. These arguments have been removed in 3.7.0 version. Use `default=DefaultBotProperties(parse_mode=<ParseMode.HTML: 'HTML'>)` argument instead.
2024-11-19 17:25:42,658 - __main__ - INFO - Telegram Bot Service started successfully
2024-11-19 17:29:48,544 - __main__ - INFO - Telegram Bot Service is shutting down
2024-11-19 17:29:48,547 - __main__ - INFO - Services shutdown complete
2024-11-19 17:29:56,109 - __main__ - INFO - Telegram Bot Token: 77209...
2024-11-19 17:29:56,143 - __main__ - ERROR - CRITICAL: Telegram Bot startup failed: Passing `parse_mode`, `disable_web_page_preview` or `protect_content` to Bot initializer is not supported anymore. These arguments have been removed in 3.7.0 version. Use `default=DefaultBotProperties(parse_mode=<ParseMode.HTML: 'HTML'>)` argument instead.
Traceback (most recent call last):
  File "/Users/am/Projects/TTT/git/AI-SmartTranslate-Hub/telegram_bot_service/main.py", line 111, in run_telegram_bot
    bot = Bot(token=settings.TELEGRAM_BOT_TOKEN, parse_mode=ParseMode.HTML)
  File "/Users/am/anaconda3/lib/python3.10/site-packages/aiogram/client/bot.py", line 310, in __init__
    raise TypeError(
TypeError: Passing `parse_mode`, `disable_web_page_preview` or `protect_content` to Bot initializer is not supported anymore. These arguments have been removed in 3.7.0 version. Use `default=DefaultBotProperties(parse_mode=<ParseMode.HTML: 'HTML'>)` argument instead.
2024-11-19 17:29:56,172 - __main__ - INFO - Telegram Bot Service started successfully
2024-11-19 17:35:21,816 - __main__ - INFO - Telegram Bot Service is shutting down
2024-11-19 17:35:21,817 - __main__ - INFO - Services shutdown complete
2024-11-19 17:35:32,767 - __main__ - INFO - Telegram Bot Token: 77209...
2024-11-19 17:35:32,806 - __main__ - INFO - Telegram Bot Service started successfully
2024-11-19 17:35:37,423 - __main__ - INFO - Successfully connected to Telegram API. Bot username: AISmartTranslateBot
2024-11-19 17:35:37,436 - __main__ - INFO - Starting bot polling...
2024-11-19 17:35:37,436 - aiogram.dispatcher - INFO - Start polling
2024-11-19 17:35:37,498 - aiogram.dispatcher - INFO - Run polling for bot @AISmartTranslateBot id=7720944994 - 'AI SmartTranslate Hub'
2024-11-19 17:36:24,600 - src.clients.transport_client - ERROR - Transport service request error: All connection attempts failed
2024-11-19 17:36:24,846 - aiogram.event - INFO - Update id=391949622 is handled. Duration 376 ms by bot id=7720944994
